#
# There is insufficient memory for the Java Runtime Environment to continue.
# Native memory allocation (malloc) failed to allocate 922336 bytes. Error detail: Chunk::new
# Possible reasons:
#   The system is out of physical RAM or swap space
#   This process is running with CompressedOops enabled, and the Java Heap may be blocking the growth of the native heap
# Possible solutions:
#   Reduce memory load on the system
#   Increase physical memory or swap space
#   Check if swap backing store is full
#   Decrease Java heap size (-Xmx/-Xms)
#   Decrease number of Java threads
#   Decrease Java thread stack sizes (-Xss)
#   Set larger code cache with -XX:ReservedCodeCacheSize=
#   JVM is running with Unscaled Compressed Oops mode in which the Java heap is
#     placed in the first 4GB address space. The Java Heap base address is the
#     maximum limit for the native heap growth. Please use -XX:HeapBaseMinAddress
#     to set the Java Heap base and to place the Java Heap above 4GB virtual address.
# This output file may be truncated or incomplete.
#
#  Out of Memory Error (arena.cpp:168), pid=16624, tid=21476
#
# JRE version: OpenJDK Runtime Environment Temurin-21.0.9+10 (21.0.9+10) (build 21.0.9+10-LTS)
# Java VM: OpenJDK 64-Bit Server VM Temurin-21.0.9+10 (21.0.9+10-LTS, mixed mode, sharing, tiered, compressed oops, compressed class ptrs, parallel gc, windows-amd64)
# No core dump will be written. Minidumps are not enabled by default on client versions of Windows
#

---------------  S U M M A R Y ------------

Command Line: --add-modules=ALL-SYSTEM --add-opens=java.base/java.util=ALL-UNNAMED --add-opens=java.base/java.lang=ALL-UNNAMED --add-opens=java.base/sun.nio.fs=ALL-UNNAMED -Declipse.application=org.eclipse.jdt.ls.core.id1 -Dosgi.bundles.defaultStartLevel=4 -Declipse.product=org.eclipse.jdt.ls.core.product -Djava.import.generatesMetadataFilesAtProjectRoot=false -DDetectVMInstallationsJob.disabled=true -Dfile.encoding=utf8 -XX:+UseParallelGC -XX:GCTimeRatio=4 -XX:AdaptiveSizePolicyWeight=90 -Dsun.zip.disableMemoryMapping=true -Xmx2G -Xms100m -Xlog:disable -javaagent:c:\Users\HP\.vscode\extensions\redhat.java-1.49.0-win32-x64\lombok\lombok-1.18.39-4050.jar -XX:+HeapDumpOnOutOfMemoryError -XX:HeapDumpPath=c:\Users\HP\AppData\Roaming\Code\User\workspaceStorage\ea2a194707e69baabb8bb110085c2e95\redhat.java -Daether.dependencyCollector.impl=bf c:\Users\HP\.vscode\extensions\redhat.java-1.49.0-win32-x64\server\plugins\org.eclipse.equinox.launcher_1.7.100.v20251111-0406.jar -configuration c:\Users\HP\AppData\Roaming\Code\User\globalStorage\redhat.java\1.49.0\config_win -data c:\Users\HP\AppData\Roaming\Code\User\workspaceStorage\ea2a194707e69baabb8bb110085c2e95\redhat.java\jdt_ws --pipe=\\.\pipe\lsp-91ea9c48e761e44e93a0ed64fe42b4b6-sock

Host: 12th Gen Intel(R) Core(TM) i7-1260P, 16 cores, 15G,  Windows 11 , 64 bit Build 26100 (10.0.26100.7019)
Time: Tue Nov 25 19:57:17 2025 SE Asia Standard Time elapsed time: 17.522706 seconds (0d 0h 0m 17s)

---------------  T H R E A D  ---------------

Current thread (0x000001d5e298a7b0):  JavaThread "C2 CompilerThread0" daemon [_thread_in_native, id=21476, stack(0x0000003511b00000,0x0000003511c00000) (1024K)]


Current CompileTask:
C2:17522 9251   !   4       org.eclipse.jdt.internal.core.search.indexing.BinaryIndexer::indexDocument (1172 bytes)

Stack: [0x0000003511b00000,0x0000003511c00000]
Native frames: (J=compiled Java code, j=interpreted, Vv=VM code, C=native code)
V  [jvm.dll+0x6d6e29]
V  [jvm.dll+0x8b4b76]
V  [jvm.dll+0x8b712e]
V  [jvm.dll+0x8b7813]
V  [jvm.dll+0x283d86]
V  [jvm.dll+0xc66ed]
V  [jvm.dll+0xc6c31]
V  [jvm.dll+0x2facee]
V  [jvm.dll+0x5fde44]
V  [jvm.dll+0x255557]
V  [jvm.dll+0x25591d]
V  [jvm.dll+0x24df40]
V  [jvm.dll+0x24b482]
V  [jvm.dll+0x1cb13e]
V  [jvm.dll+0x25b29d]
V  [jvm.dll+0x25982a]
V  [jvm.dll+0x3f7ea6]
V  [jvm.dll+0x85e9ad]
V  [jvm.dll+0x6d565d]
C  [ucrtbase.dll+0x37b0]
C  [KERNEL32.DLL+0x2e8d7]
C  [ntdll.dll+0x8c53c]


---------------  P R O C E S S  ---------------

Threads class SMR info:
_java_thread_list=0x000001d5ec968a70, length=49, elements={
0x000001d5ca8fe220, 0x000001d5e13accb0, 0x000001d5e13ae960, 0x000001d5e29727a0,
0x000001d5e29733f0, 0x000001d5e29773b0, 0x000001d5e2987460, 0x000001d5e298a7b0,
0x000001d5e298c630, 0x000001d5e2ab7fe0, 0x000001d5e2b8c370, 0x000001d5e414ba70,
0x000001d5e47ed030, 0x000001d5e906a180, 0x000001d5e91232e0, 0x000001d5e9123f20,
0x000001d5e97d8b10, 0x000001d5e954f660, 0x000001d5e9c99220, 0x000001d5e9964f70,
0x000001d5ea2e6fc0, 0x000001d5ea2e8a00, 0x000001d5ea2e7650, 0x000001d5ea2e8370,
0x000001d5ea2e5580, 0x000001d5ea2e7ce0, 0x000001d5ea2e5c10, 0x000001d5ea2e62a0,
0x000001d5ea2e6930, 0x000001d5e9ff1b30, 0x000001d5e9ff2850, 0x000001d5e9ff21c0,
0x000001d5e9ff14a0, 0x000001d5e9ff00f0, 0x000001d5e9ff2ee0, 0x000001d5e9ff3570,
0x000001d5e9ff3c00, 0x000001d5e9ff0780, 0x000001d5e9ff4290, 0x000001d5e9ff0e10,
0x000001d5e9ff6360, 0x000001d5e9ff7710, 0x000001d5e9ff69f0, 0x000001d5e9ff4920,
0x000001d5e9ff4fb0, 0x000001d5e9ff5640, 0x000001d5e9ff5cd0, 0x000001d5e428ef40,
0x000001d5eaea9c10
}

Java Threads: ( => current thread )
  0x000001d5ca8fe220 JavaThread "main"                              [_thread_blocked, id=16492, stack(0x0000003511100000,0x0000003511200000) (1024K)]
  0x000001d5e13accb0 JavaThread "Reference Handler"          daemon [_thread_blocked, id=18104, stack(0x0000003511500000,0x0000003511600000) (1024K)]
  0x000001d5e13ae960 JavaThread "Finalizer"                  daemon [_thread_blocked, id=6416, stack(0x0000003511600000,0x0000003511700000) (1024K)]
  0x000001d5e29727a0 JavaThread "Signal Dispatcher"          daemon [_thread_blocked, id=11876, stack(0x0000003511700000,0x0000003511800000) (1024K)]
  0x000001d5e29733f0 JavaThread "Attach Listener"            daemon [_thread_blocked, id=21792, stack(0x0000003511800000,0x0000003511900000) (1024K)]
  0x000001d5e29773b0 JavaThread "Service Thread"             daemon [_thread_blocked, id=19284, stack(0x0000003511900000,0x0000003511a00000) (1024K)]
  0x000001d5e2987460 JavaThread "Monitor Deflation Thread"   daemon [_thread_blocked, id=25736, stack(0x0000003511a00000,0x0000003511b00000) (1024K)]
=>0x000001d5e298a7b0 JavaThread "C2 CompilerThread0"         daemon [_thread_in_native, id=21476, stack(0x0000003511b00000,0x0000003511c00000) (1024K)]
  0x000001d5e298c630 JavaThread "C1 CompilerThread0"         daemon [_thread_in_vm, id=16772, stack(0x0000003511c00000,0x0000003511d00000) (1024K)]
  0x000001d5e2ab7fe0 JavaThread "C1 CompilerThread1"         daemon [_thread_blocked, id=12472, stack(0x0000003511d00000,0x0000003511e00000) (1024K)]
  0x000001d5e2b8c370 JavaThread "Common-Cleaner"             daemon [_thread_blocked, id=10636, stack(0x0000003511f00000,0x0000003512000000) (1024K)]
  0x000001d5e414ba70 JavaThread "Notification Thread"        daemon [_thread_blocked, id=8260, stack(0x0000003512200000,0x0000003512300000) (1024K)]
  0x000001d5e47ed030 JavaThread "Active Thread: Equinox Container: 89dd0bb9-1fd9-4905-a0cc-b6ef451ff4cc"        [_thread_blocked, id=16024, stack(0x0000003512b00000,0x0000003512c00000) (1024K)]
  0x000001d5e906a180 JavaThread "Refresh Thread: Equinox Container: 89dd0bb9-1fd9-4905-a0cc-b6ef451ff4cc" daemon [_thread_blocked, id=17804, stack(0x0000003512d00000,0x0000003512e00000) (1024K)]
  0x000001d5e91232e0 JavaThread "Framework Event Dispatcher: Equinox Container: 89dd0bb9-1fd9-4905-a0cc-b6ef451ff4cc" daemon [_thread_blocked, id=16760, stack(0x0000003512e00000,0x0000003512f00000) (1024K)]
  0x000001d5e9123f20 JavaThread "Start Level: Equinox Container: 89dd0bb9-1fd9-4905-a0cc-b6ef451ff4cc" daemon [_thread_blocked, id=25936, stack(0x0000003512f00000,0x0000003513000000) (1024K)]
  0x000001d5e97d8b10 JavaThread "Bundle File Closer"         daemon [_thread_blocked, id=12256, stack(0x0000003513200000,0x0000003513300000) (1024K)]
  0x000001d5e954f660 JavaThread "SCR Component Actor"        daemon [_thread_blocked, id=12768, stack(0x0000003513300000,0x0000003513400000) (1024K)]
  0x000001d5e9c99220 JavaThread "Worker-JM"                         [_thread_blocked, id=25852, stack(0x0000003513500000,0x0000003513600000) (1024K)]
  0x000001d5e9964f70 JavaThread "JNA Cleaner"                daemon [_thread_blocked, id=1900, stack(0x0000003513700000,0x0000003513800000) (1024K)]
  0x000001d5ea2e6fc0 JavaThread "Worker-0: Initialize workspace"        [_thread_blocked, id=18476, stack(0x0000003513800000,0x0000003513900000) (1024K)]
  0x000001d5ea2e8a00 JavaThread "Worker-1"                          [_thread_blocked, id=23740, stack(0x0000003513900000,0x0000003513a00000) (1024K)]
  0x000001d5ea2e7650 JavaThread "Java indexing"              daemon [_thread_blocked, id=9480, stack(0x0000003513b00000,0x0000003513c00000) (1024K)]
  0x000001d5ea2e8370 JavaThread "Worker-2"                          [_thread_blocked, id=25088, stack(0x0000003513c00000,0x0000003513d00000) (1024K)]
  0x000001d5ea2e5580 JavaThread "Worker-3"                          [_thread_blocked, id=1748, stack(0x0000003513d00000,0x0000003513e00000) (1024K)]
  0x000001d5ea2e7ce0 JavaThread "Worker-4"                          [_thread_blocked, id=7428, stack(0x0000003514000000,0x0000003514100000) (1024K)]
  0x000001d5ea2e5c10 JavaThread "Worker-5: Java indexing... "        [_thread_blocked, id=22252, stack(0x0000003514200000,0x0000003514300000) (1024K)]
  0x000001d5ea2e62a0 JavaThread "Thread-1"                   daemon [_thread_in_native, id=6092, stack(0x0000003514300000,0x0000003514400000) (1024K)]
  0x000001d5ea2e6930 JavaThread "Thread-2"                   daemon [_thread_in_native, id=472, stack(0x0000003514400000,0x0000003514500000) (1024K)]
  0x000001d5e9ff1b30 JavaThread "Thread-3"                   daemon [_thread_in_native, id=25532, stack(0x0000003514500000,0x0000003514600000) (1024K)]
  0x000001d5e9ff2850 JavaThread "Thread-4"                   daemon [_thread_in_native, id=8816, stack(0x0000003514600000,0x0000003514700000) (1024K)]
  0x000001d5e9ff21c0 JavaThread "Thread-5"                   daemon [_thread_in_native, id=21440, stack(0x0000003514700000,0x0000003514800000) (1024K)]
  0x000001d5e9ff14a0 JavaThread "Thread-6"                   daemon [_thread_in_native, id=12096, stack(0x0000003514800000,0x0000003514900000) (1024K)]
  0x000001d5e9ff00f0 JavaThread "Thread-7"                   daemon [_thread_in_native, id=18860, stack(0x0000003514900000,0x0000003514a00000) (1024K)]
  0x000001d5e9ff2ee0 JavaThread "Thread-8"                   daemon [_thread_in_native, id=8180, stack(0x0000003514a00000,0x0000003514b00000) (1024K)]
  0x000001d5e9ff3570 JavaThread "Thread-9"                   daemon [_thread_in_native, id=22520, stack(0x0000003514b00000,0x0000003514c00000) (1024K)]
  0x000001d5e9ff3c00 JavaThread "Thread-10"                  daemon [_thread_in_native, id=23168, stack(0x0000003514c00000,0x0000003514d00000) (1024K)]
  0x000001d5e9ff0780 JavaThread "Thread-11"                  daemon [_thread_in_native, id=21888, stack(0x0000003514d00000,0x0000003514e00000) (1024K)]
  0x000001d5e9ff4290 JavaThread "Thread-12"                  daemon [_thread_in_native, id=18356, stack(0x0000003514e00000,0x0000003514f00000) (1024K)]
  0x000001d5e9ff0e10 JavaThread "Thread-13"                  daemon [_thread_in_native, id=7376, stack(0x0000003514f00000,0x0000003515000000) (1024K)]
  0x000001d5e9ff6360 JavaThread "Thread-14"                  daemon [_thread_in_native, id=7268, stack(0x0000003515000000,0x0000003515100000) (1024K)]
  0x000001d5e9ff7710 JavaThread "Thread-15"                  daemon [_thread_in_native, id=10784, stack(0x0000003515100000,0x0000003515200000) (1024K)]
  0x000001d5e9ff69f0 JavaThread "Thread-16"                  daemon [_thread_in_native, id=9656, stack(0x0000003515200000,0x0000003515300000) (1024K)]
  0x000001d5e9ff4920 JavaThread "Thread-17"                  daemon [_thread_in_native, id=4484, stack(0x0000003515300000,0x0000003515400000) (1024K)]
  0x000001d5e9ff4fb0 JavaThread "pool-2-thread-1"                   [_thread_blocked, id=20512, stack(0x0000003515400000,0x0000003515500000) (1024K)]
  0x000001d5e9ff5640 JavaThread "WorkspaceEventsHandler"            [_thread_blocked, id=8684, stack(0x0000003515600000,0x0000003515700000) (1024K)]
  0x000001d5e9ff5cd0 JavaThread "pool-1-thread-1"                   [_thread_blocked, id=13548, stack(0x0000003515700000,0x0000003515800000) (1024K)]
  0x000001d5e428ef40 JavaThread "Timer-0"                           [_thread_blocked, id=20988, stack(0x0000003515800000,0x0000003515900000) (1024K)]
  0x000001d5eaea9c10 JavaThread "C2 CompilerThread1"         daemon [_thread_blocked, id=8656, stack(0x0000003511e00000,0x0000003511f00000) (1024K)]
Total: 49

Other Threads:
  0x000001d5c85e0ea0 VMThread "VM Thread"                           [id=6104, stack(0x0000003511400000,0x0000003511500000) (1024K)] _threads_hazard_ptr=0x000001d5ec968a70
  0x000001d5e128ca10 WatcherThread "VM Periodic Task Thread"        [id=19544, stack(0x0000003511300000,0x0000003511400000) (1024K)]
  0x000001d5c85e0b00 WorkerThread "GC Thread#0"                     [id=22108, stack(0x0000003511200000,0x0000003511300000) (1024K)]
  0x000001d5c85e20c0 WorkerThread "GC Thread#1"                     [id=2864, stack(0x0000003512400000,0x0000003512500000) (1024K)]
  0x000001d5c85e2460 WorkerThread "GC Thread#2"                     [id=8976, stack(0x0000003512500000,0x0000003512600000) (1024K)]
  0x000001d5e44daa70 WorkerThread "GC Thread#3"                     [id=24900, stack(0x0000003512600000,0x0000003512700000) (1024K)]
  0x000001d5e44d8290 WorkerThread "GC Thread#4"                     [id=3504, stack(0x0000003512700000,0x0000003512800000) (1024K)]
  0x000001d5e44d8630 WorkerThread "GC Thread#5"                     [id=16000, stack(0x0000003512800000,0x0000003512900000) (1024K)]
  0x000001d5e44db550 WorkerThread "GC Thread#6"                     [id=10920, stack(0x0000003512900000,0x0000003512a00000) (1024K)]
  0x000001d5e44da6d0 WorkerThread "GC Thread#7"                     [id=7896, stack(0x0000003512c00000,0x0000003512d00000) (1024K)]
  0x000001d5e44dae10 WorkerThread "GC Thread#8"                     [id=6520, stack(0x0000003512a00000,0x0000003512b00000) (1024K)]
  0x000001d5e44d8d70 WorkerThread "GC Thread#9"                     [id=15376, stack(0x0000003513000000,0x0000003513100000) (1024K)]
  0x000001d5e44d9110 WorkerThread "GC Thread#10"                    [id=26492, stack(0x0000003513100000,0x0000003513200000) (1024K)]
  0x000001d5e44d9bf0 WorkerThread "GC Thread#11"                    [id=14068, stack(0x0000003513400000,0x0000003513500000) (1024K)]
  0x000001d5e44d9f90 WorkerThread "GC Thread#12"                    [id=24376, stack(0x0000003513600000,0x0000003513700000) (1024K)]
Total: 15

Threads with active compile tasks:
C2 CompilerThread0  17558 9251   !   4       org.eclipse.jdt.internal.core.search.indexing.BinaryIndexer::indexDocument (1172 bytes)
C1 CompilerThread0  17558 9273   !   3       com.google.gson.internal.reflect.ReflectionHelper::makeAccessible (56 bytes)
C1 CompilerThread1  17558 9281   !   3       org.eclipse.osgi.internal.loader.classpath.ClasspathManager::findClassImpl (328 bytes)
C2 CompilerThread1  17558 9255       4       org.eclipse.core.internal.watson.ElementTreeIterator::doIteration (114 bytes)
Total: 4

VM state: synchronizing (normal execution)

VM Mutex/Monitor currently owned by a thread:  ([mutex/lock_event])
[0x00007ff8410ab4f0] Metaspace_lock - owner thread: 0x000001d5e298c630
[0x00007ff8410ad570] Threads_lock - owner thread: 0x000001d5c85e0ea0
[0x00007ff8410ad670] Heap_lock - owner thread: 0x000001d5ea2e7650

Heap address: 0x0000000080000000, size: 2048 MB, Compressed Oops mode: 32-bit

CDS archive(s) mapped at: [0x000001d580000000-0x000001d580ba0000-0x000001d580ba0000), size 12189696, SharedBaseAddress: 0x000001d580000000, ArchiveRelocationMode: 1.
Compressed class space mapped at: 0x000001d581000000-0x000001d5c1000000, reserved size: 1073741824
Narrow klass base: 0x000001d580000000, Narrow klass shift: 0, Narrow klass range: 0x100000000

GC Precious Log:
 CardTable entry size: 512
 CPUs: 16 total, 16 available
 Memory: 16055M
 Large Page Support: Disabled
 NUMA Support: Disabled
 Compressed Oops: Enabled (32-bit)
 Alignments: Space 512K, Generation 512K, Heap 2M
 Heap Min Capacity: 100M
 Heap Initial Capacity: 100M
 Heap Max Capacity: 2G
 Pre-touch: Disabled
 Parallel Workers: 13

Heap:
 PSYoungGen      total 5120K, used 5014K [0x00000000d5580000, 0x00000000d5b80000, 0x0000000100000000)
  eden space 4096K, 100% used [0x00000000d5580000,0x00000000d5980000,0x00000000d5980000)
  from space 1024K, 89% used [0x00000000d5980000,0x00000000d5a65bd0,0x00000000d5a80000)
  to   space 1024K, 0% used [0x00000000d5a80000,0x00000000d5a80000,0x00000000d5b80000)
 ParOldGen       total 282624K, used 282551K [0x0000000080000000, 0x0000000091400000, 0x00000000d5580000)
  object space 282624K, 99% used [0x0000000080000000,0x00000000913edd50,0x0000000091400000)
 Metaspace       used 56180K, committed 57472K, reserved 1114112K
  class space    used 6460K, committed 7040K, reserved 1048576K

Card table byte_map: [0x000001d5ca2a0000,0x000001d5ca6b0000] _byte_map_base: 0x000001d5c9ea0000

Marking Bits: (ParMarkBitMap*) 0x00007ff8410b2460
 Begin Bits: [0x000001d5dcdb0000, 0x000001d5dedb0000)
 End Bits:   [0x000001d5dedb0000, 0x000001d5e0db0000)

Polling page: 0x000001d5ca060000

Metaspace:

Usage:
  Non-class:     48.55 MB used.
      Class:      6.31 MB used.
       Both:     54.86 MB used.

Virtual space:
  Non-class space:       64.00 MB reserved,      49.25 MB ( 77%) committed,  1 nodes.
      Class space:        1.00 GB reserved,       6.88 MB ( <1%) committed,  1 nodes.
             Both:        1.06 GB reserved,      56.12 MB (  5%) committed. 

Chunk freelists:
   Non-Class:  14.23 MB
       Class:  9.08 MB
        Both:  23.31 MB

MaxMetaspaceSize: unlimited
CompressedClassSpaceSize: 1.00 GB
Initial GC threshold: 21.00 MB
Current GC threshold: 58.38 MB
CDS: on
 - commit_granule_bytes: 65536.
 - commit_granule_words: 8192.
 - virtual_space_node_default_size: 8388608.
 - enlarge_chunks_in_place: 1.
 - use_allocation_guard: 0.


Internal statistics:

num_allocs_failed_limit: 6.
num_arena_births: 998.
num_arena_deaths: 18.
num_vsnodes_births: 2.
num_vsnodes_deaths: 0.
num_space_committed: 898.
num_space_uncommitted: 0.
num_chunks_returned_to_freelist: 26.
num_chunks_taken_from_freelist: 3463.
num_chunk_merges: 12.
num_chunk_splits: 2185.
num_chunks_enlarged: 1365.
num_inconsistent_stats: 0.

CodeHeap 'non-profiled nmethods': size=119168Kb used=6827Kb max_used=6827Kb free=112340Kb
 bounds [0x000001d5d56a0000, 0x000001d5d5d50000, 0x000001d5dcb00000]
CodeHeap 'profiled nmethods': size=119104Kb used=18503Kb max_used=18503Kb free=100600Kb
 bounds [0x000001d5cdb00000, 0x000001d5ced20000, 0x000001d5d4f50000]
CodeHeap 'non-nmethods': size=7488Kb used=1957Kb max_used=3172Kb free=5530Kb
 bounds [0x000001d5d4f50000, 0x000001d5d5280000, 0x000001d5d56a0000]
CodeCache: size=245760Kb, used=27287Kb, max_used=28502Kb, free=218470Kb
 total_blobs=9365, nmethods=8664, adapters=606, full_count=0
Compilation: enabled, stopped_count=0, restarted_count=0

Compilation events (20 events):
Event: 17.500 Thread 0x000001d5e298c630 nmethod 9259 0x000001d5d5d49290 code [0x000001d5d5d49420, 0x000001d5d5d494e8]
Event: 17.500 Thread 0x000001d5e298c630 9260       1       org.eclipse.core.internal.resources.Resource::getWorkspace (5 bytes)
Event: 17.500 Thread 0x000001d5e298c630 nmethod 9260 0x000001d5d5d49590 code [0x000001d5d5d49720, 0x000001d5d5d497e8]
Event: 17.502 Thread 0x000001d5e298c630 9262       3       com.google.gson.stream.JsonWriter::newline (55 bytes)
Event: 17.502 Thread 0x000001d5e298c630 nmethod 9262 0x000001d5ced0d790 code [0x000001d5ced0d980, 0x000001d5ced0ddb8]
Event: 17.509 Thread 0x000001d5e2ab7fe0 9264       1       sun.nio.ch.Iocp$CompletionStatus::completionKey (5 bytes)
Event: 17.509 Thread 0x000001d5e2ab7fe0 nmethod 9264 0x000001d5d5d49c90 code [0x000001d5d5d49e20, 0x000001d5d5d49ee8]
Event: 17.514 Thread 0x000001d5e298c630 9265       1       org.eclipse.core.internal.jobs.InternalJob::next (5 bytes)
Event: 17.514 Thread 0x000001d5e298c630 nmethod 9265 0x000001d5d5d49f90 code [0x000001d5d5d4a120, 0x000001d5d5d4a1e8]
Event: 17.517 Thread 0x000001d5e298c630 9268       3       com.google.gson.JsonPrimitive::isBoolean (8 bytes)
Event: 17.517 Thread 0x000001d5e2ab7fe0 9269       3       com.google.gson.internal.bind.ObjectTypeAdapter::readTerminal (97 bytes)
Event: 17.517 Thread 0x000001d5e298c630 nmethod 9268 0x000001d5ced0df90 code [0x000001d5ced0e140, 0x000001d5ced0e348]
Event: 17.518 Thread 0x000001d5e298c630 9270       3       com.google.gson.internal.bind.JsonTreeReader::nextName (6 bytes)
Event: 17.518 Thread 0x000001d5e298c630 nmethod 9270 0x000001d5ced0e410 code [0x000001d5ced0e5c0, 0x000001d5ced0e700]
Event: 17.518 Thread 0x000001d5eaea9c10 9255       4       org.eclipse.core.internal.watson.ElementTreeIterator::doIteration (114 bytes)
Event: 17.518 Thread 0x000001d5e298c630 9271       3       com.google.gson.internal.bind.JsonTreeReader::nextName (71 bytes)
Event: 17.518 Thread 0x000001d5e2ab7fe0 nmethod 9269 0x000001d5ced0e790 code [0x000001d5ced0ea60, 0x000001d5ced0f748]
Event: 17.518 Thread 0x000001d5e2ab7fe0 9281   !   3       org.eclipse.osgi.internal.loader.classpath.ClasspathManager::findClassImpl (328 bytes)
Event: 17.519 Thread 0x000001d5e298c630 nmethod 9271 0x000001d5ced0fb90 code [0x000001d5ced0fdc0, 0x000001d5ced10738]
Event: 17.519 Thread 0x000001d5e298c630 9280       3       org.eclipse.jdt.ls.core.internal.handlers.MapFlattener::getValue (94 bytes)

GC Heap History (20 events):
Event: 17.414 GC heap before
{Heap before GC invocations=200 (full 2):
 PSYoungGen      total 5120K, used 4864K [0x00000000d5580000, 0x00000000d5b80000, 0x0000000100000000)
  eden space 4096K, 100% used [0x00000000d5580000,0x00000000d5980000,0x00000000d5980000)
  from space 1024K, 75% used [0x00000000d5980000,0x00000000d5a40000,0x00000000d5a80000)
  to   space 1024K, 0% used [0x00000000d5a80000,0x00000000d5a80000,0x00000000d5b80000)
 ParOldGen       total 275968K, used 275793K [0x0000000080000000, 0x0000000090d80000, 0x00000000d5580000)
  object space 275968K, 99% used [0x0000000080000000,0x0000000090d54650,0x0000000090d80000)
 Metaspace       used 56116K, committed 57472K, reserved 1114112K
  class space    used 6448K, committed 7040K, reserved 1048576K
}
Event: 17.416 GC heap after
{Heap after GC invocations=200 (full 2):
 PSYoungGen      total 5120K, used 823K [0x00000000d5580000, 0x00000000d5b80000, 0x0000000100000000)
  eden space 4096K, 0% used [0x00000000d5580000,0x00000000d5580000,0x00000000d5980000)
  from space 1024K, 80% used [0x00000000d5a80000,0x00000000d5b4ddb8,0x00000000d5b80000)
  to   space 1024K, 0% used [0x00000000d5980000,0x00000000d5980000,0x00000000d5a80000)
 ParOldGen       total 276480K, used 276474K [0x0000000080000000, 0x0000000090e00000, 0x00000000d5580000)
  object space 276480K, 99% used [0x0000000080000000,0x0000000090dfe9f8,0x0000000090e00000)
 Metaspace       used 56116K, committed 57472K, reserved 1114112K
  class space    used 6448K, committed 7040K, reserved 1048576K
}
Event: 17.423 GC heap before
{Heap before GC invocations=201 (full 2):
 PSYoungGen      total 5120K, used 4919K [0x00000000d5580000, 0x00000000d5b80000, 0x0000000100000000)
  eden space 4096K, 99% used [0x00000000d5580000,0x00000000d597ffd8,0x00000000d5980000)
  from space 1024K, 80% used [0x00000000d5a80000,0x00000000d5b4ddb8,0x00000000d5b80000)
  to   space 1024K, 0% used [0x00000000d5980000,0x00000000d5980000,0x00000000d5a80000)
 ParOldGen       total 276480K, used 276474K [0x0000000080000000, 0x0000000090e00000, 0x00000000d5580000)
  object space 276480K, 99% used [0x0000000080000000,0x0000000090dfe9f8,0x0000000090e00000)
 Metaspace       used 56116K, committed 57472K, reserved 1114112K
  class space    used 6448K, committed 7040K, reserved 1048576K
}
Event: 17.425 GC heap after
{Heap after GC invocations=201 (full 2):
 PSYoungGen      total 5120K, used 834K [0x00000000d5580000, 0x00000000d5b80000, 0x0000000100000000)
  eden space 4096K, 0% used [0x00000000d5580000,0x00000000d5580000,0x00000000d5980000)
  from space 1024K, 81% used [0x00000000d5980000,0x00000000d5a508a8,0x00000000d5a80000)
  to   space 1024K, 0% used [0x00000000d5a80000,0x00000000d5a80000,0x00000000d5b80000)
 ParOldGen       total 277504K, used 277153K [0x0000000080000000, 0x0000000090f00000, 0x00000000d5580000)
  object space 277504K, 99% used [0x0000000080000000,0x0000000090ea8618,0x0000000090f00000)
 Metaspace       used 56116K, committed 57472K, reserved 1114112K
  class space    used 6448K, committed 7040K, reserved 1048576K
}
Event: 17.433 GC heap before
{Heap before GC invocations=202 (full 2):
 PSYoungGen      total 5120K, used 4930K [0x00000000d5580000, 0x00000000d5b80000, 0x0000000100000000)
  eden space 4096K, 99% used [0x00000000d5580000,0x00000000d597ffc8,0x00000000d5980000)
  from space 1024K, 81% used [0x00000000d5980000,0x00000000d5a508a8,0x00000000d5a80000)
  to   space 1024K, 0% used [0x00000000d5a80000,0x00000000d5a80000,0x00000000d5b80000)
 ParOldGen       total 277504K, used 277153K [0x0000000080000000, 0x0000000090f00000, 0x00000000d5580000)
  object space 277504K, 99% used [0x0000000080000000,0x0000000090ea8618,0x0000000090f00000)
 Metaspace       used 56116K, committed 57472K, reserved 1114112K
  class space    used 6448K, committed 7040K, reserved 1048576K
}
Event: 17.434 GC heap after
{Heap after GC invocations=202 (full 2):
 PSYoungGen      total 5120K, used 820K [0x00000000d5580000, 0x00000000d5b80000, 0x0000000100000000)
  eden space 4096K, 0% used [0x00000000d5580000,0x00000000d5580000,0x00000000d5980000)
  from space 1024K, 80% used [0x00000000d5a80000,0x00000000d5b4d248,0x00000000d5b80000)
  to   space 1024K, 0% used [0x00000000d5980000,0x00000000d5980000,0x00000000d5a80000)
 ParOldGen       total 278016K, used 277839K [0x0000000080000000, 0x0000000090f80000, 0x00000000d5580000)
  object space 278016K, 99% used [0x0000000080000000,0x0000000090f53f38,0x0000000090f80000)
 Metaspace       used 56116K, committed 57472K, reserved 1114112K
  class space    used 6448K, committed 7040K, reserved 1048576K
}
Event: 17.441 GC heap before
{Heap before GC invocations=203 (full 2):
 PSYoungGen      total 5120K, used 4916K [0x00000000d5580000, 0x00000000d5b80000, 0x0000000100000000)
  eden space 4096K, 100% used [0x00000000d5580000,0x00000000d5980000,0x00000000d5980000)
  from space 1024K, 80% used [0x00000000d5a80000,0x00000000d5b4d248,0x00000000d5b80000)
  to   space 1024K, 0% used [0x00000000d5980000,0x00000000d5980000,0x00000000d5a80000)
 ParOldGen       total 278016K, used 277839K [0x0000000080000000, 0x0000000090f80000, 0x00000000d5580000)
  object space 278016K, 99% used [0x0000000080000000,0x0000000090f53f38,0x0000000090f80000)
 Metaspace       used 56116K, committed 57472K, reserved 1114112K
  class space    used 6448K, committed 7040K, reserved 1048576K
}
Event: 17.443 GC heap after
{Heap after GC invocations=203 (full 2):
 PSYoungGen      total 5120K, used 819K [0x00000000d5580000, 0x00000000d5b80000, 0x0000000100000000)
  eden space 4096K, 0% used [0x00000000d5580000,0x00000000d5580000,0x00000000d5980000)
  from space 1024K, 80% used [0x00000000d5980000,0x00000000d5a4ced0,0x00000000d5a80000)
  to   space 1024K, 0% used [0x00000000d5a80000,0x00000000d5a80000,0x00000000d5b80000)
 ParOldGen       total 278528K, used 278495K [0x0000000080000000, 0x0000000091000000, 0x00000000d5580000)
  object space 278528K, 99% used [0x0000000080000000,0x0000000090ff7f28,0x0000000091000000)
 Metaspace       used 56116K, committed 57472K, reserved 1114112K
  class space    used 6448K, committed 7040K, reserved 1048576K
}
Event: 17.450 GC heap before
{Heap before GC invocations=204 (full 2):
 PSYoungGen      total 5120K, used 4915K [0x00000000d5580000, 0x00000000d5b80000, 0x0000000100000000)
  eden space 4096K, 100% used [0x00000000d5580000,0x00000000d5980000,0x00000000d5980000)
  from space 1024K, 80% used [0x00000000d5980000,0x00000000d5a4ced0,0x00000000d5a80000)
  to   space 1024K, 0% used [0x00000000d5a80000,0x00000000d5a80000,0x00000000d5b80000)
 ParOldGen       total 278528K, used 278495K [0x0000000080000000, 0x0000000091000000, 0x00000000d5580000)
  object space 278528K, 99% used [0x0000000080000000,0x0000000090ff7f28,0x0000000091000000)
 Metaspace       used 56116K, committed 57472K, reserved 1114112K
  class space    used 6448K, committed 7040K, reserved 1048576K
}
Event: 17.451 GC heap after
{Heap after GC invocations=204 (full 2):
 PSYoungGen      total 5120K, used 840K [0x00000000d5580000, 0x00000000d5b80000, 0x0000000100000000)
  eden space 4096K, 0% used [0x00000000d5580000,0x00000000d5580000,0x00000000d5980000)
  from space 1024K, 82% used [0x00000000d5a80000,0x00000000d5b52268,0x00000000d5b80000)
  to   space 1024K, 0% used [0x00000000d5980000,0x00000000d5980000,0x00000000d5a80000)
 ParOldGen       total 279552K, used 279161K [0x0000000080000000, 0x0000000091100000, 0x00000000d5580000)
  object space 279552K, 99% used [0x0000000080000000,0x000000009109e458,0x0000000091100000)
 Metaspace       used 56116K, committed 57472K, reserved 1114112K
  class space    used 6448K, committed 7040K, reserved 1048576K
}
Event: 17.459 GC heap before
{Heap before GC invocations=205 (full 2):
 PSYoungGen      total 5120K, used 4936K [0x00000000d5580000, 0x00000000d5b80000, 0x0000000100000000)
  eden space 4096K, 100% used [0x00000000d5580000,0x00000000d5980000,0x00000000d5980000)
  from space 1024K, 82% used [0x00000000d5a80000,0x00000000d5b52268,0x00000000d5b80000)
  to   space 1024K, 0% used [0x00000000d5980000,0x00000000d5980000,0x00000000d5a80000)
 ParOldGen       total 279552K, used 279161K [0x0000000080000000, 0x0000000091100000, 0x00000000d5580000)
  object space 279552K, 99% used [0x0000000080000000,0x000000009109e458,0x0000000091100000)
 Metaspace       used 56116K, committed 57472K, reserved 1114112K
  class space    used 6448K, committed 7040K, reserved 1048576K
}
Event: 17.460 GC heap after
{Heap after GC invocations=205 (full 2):
 PSYoungGen      total 5120K, used 900K [0x00000000d5580000, 0x00000000d5b80000, 0x0000000100000000)
  eden space 4096K, 0% used [0x00000000d5580000,0x00000000d5580000,0x00000000d5980000)
  from space 1024K, 87% used [0x00000000d5980000,0x00000000d5a610c8,0x00000000d5a80000)
  to   space 1024K, 0% used [0x00000000d5a80000,0x00000000d5a80000,0x00000000d5b80000)
 ParOldGen       total 280064K, used 279843K [0x0000000080000000, 0x0000000091180000, 0x00000000d5580000)
  object space 280064K, 99% used [0x0000000080000000,0x0000000091148f08,0x0000000091180000)
 Metaspace       used 56116K, committed 57472K, reserved 1114112K
  class space    used 6448K, committed 7040K, reserved 1048576K
}
Event: 17.469 GC heap before
{Heap before GC invocations=206 (full 2):
 PSYoungGen      total 5120K, used 4996K [0x00000000d5580000, 0x00000000d5b80000, 0x0000000100000000)
  eden space 4096K, 100% used [0x00000000d5580000,0x00000000d5980000,0x00000000d5980000)
  from space 1024K, 87% used [0x00000000d5980000,0x00000000d5a610c8,0x00000000d5a80000)
  to   space 1024K, 0% used [0x00000000d5a80000,0x00000000d5a80000,0x00000000d5b80000)
 ParOldGen       total 280064K, used 279843K [0x0000000080000000, 0x0000000091180000, 0x00000000d5580000)
  object space 280064K, 99% used [0x0000000080000000,0x0000000091148f08,0x0000000091180000)
 Metaspace       used 56116K, committed 57472K, reserved 1114112K
  class space    used 6448K, committed 7040K, reserved 1048576K
}
Event: 17.471 GC heap after
{Heap after GC invocations=206 (full 2):
 PSYoungGen      total 5120K, used 766K [0x00000000d5580000, 0x00000000d5b80000, 0x0000000100000000)
  eden space 4096K, 0% used [0x00000000d5580000,0x00000000d5580000,0x00000000d5980000)
  from space 1024K, 74% used [0x00000000d5a80000,0x00000000d5b3fb60,0x00000000d5b80000)
  to   space 1024K, 0% used [0x00000000d5980000,0x00000000d5980000,0x00000000d5a80000)
 ParOldGen       total 280576K, used 280539K [0x0000000080000000, 0x0000000091200000, 0x00000000d5580000)
  object space 280576K, 99% used [0x0000000080000000,0x00000000911f6f20,0x0000000091200000)
 Metaspace       used 56116K, committed 57472K, reserved 1114112K
  class space    used 6448K, committed 7040K, reserved 1048576K
}
Event: 17.480 GC heap before
{Heap before GC invocations=207 (full 2):
 PSYoungGen      total 5120K, used 4862K [0x00000000d5580000, 0x00000000d5b80000, 0x0000000100000000)
  eden space 4096K, 100% used [0x00000000d5580000,0x00000000d5980000,0x00000000d5980000)
  from space 1024K, 74% used [0x00000000d5a80000,0x00000000d5b3fb60,0x00000000d5b80000)
  to   space 1024K, 0% used [0x00000000d5980000,0x00000000d5980000,0x00000000d5a80000)
 ParOldGen       total 280576K, used 280539K [0x0000000080000000, 0x0000000091200000, 0x00000000d5580000)
  object space 280576K, 99% used [0x0000000080000000,0x00000000911f6f20,0x0000000091200000)
 Metaspace       used 56116K, committed 57472K, reserved 1114112K
  class space    used 6448K, committed 7040K, reserved 1048576K
}
Event: 17.482 GC heap after
{Heap after GC invocations=207 (full 2):
 PSYoungGen      total 5120K, used 864K [0x00000000d5580000, 0x00000000d5b80000, 0x0000000100000000)
  eden space 4096K, 0% used [0x00000000d5580000,0x00000000d5580000,0x00000000d5980000)
  from space 1024K, 84% used [0x00000000d5980000,0x00000000d5a58000,0x00000000d5a80000)
  to   space 1024K, 0% used [0x00000000d5a80000,0x00000000d5a80000,0x00000000d5b80000)
 ParOldGen       total 281600K, used 281164K [0x0000000080000000, 0x0000000091300000, 0x00000000d5580000)
  object space 281600K, 99% used [0x0000000080000000,0x0000000091293388,0x0000000091300000)
 Metaspace       used 56116K, committed 57472K, reserved 1114112K
  class space    used 6448K, committed 7040K, reserved 1048576K
}
Event: 17.490 GC heap before
{Heap before GC invocations=208 (full 2):
 PSYoungGen      total 5120K, used 4960K [0x00000000d5580000, 0x00000000d5b80000, 0x0000000100000000)
  eden space 4096K, 100% used [0x00000000d5580000,0x00000000d5980000,0x00000000d5980000)
  from space 1024K, 84% used [0x00000000d5980000,0x00000000d5a58000,0x00000000d5a80000)
  to   space 1024K, 0% used [0x00000000d5a80000,0x00000000d5a80000,0x00000000d5b80000)
 ParOldGen       total 281600K, used 281164K [0x0000000080000000, 0x0000000091300000, 0x00000000d5580000)
  object space 281600K, 99% used [0x0000000080000000,0x0000000091293388,0x0000000091300000)
 Metaspace       used 56116K, committed 57472K, reserved 1114112K
  class space    used 6448K, committed 7040K, reserved 1048576K
}
Event: 17.491 GC heap after
{Heap after GC invocations=208 (full 2):
 PSYoungGen      total 5120K, used 890K [0x00000000d5580000, 0x00000000d5b80000, 0x0000000100000000)
  eden space 4096K, 0% used [0x00000000d5580000,0x00000000d5580000,0x00000000d5980000)
  from space 1024K, 86% used [0x00000000d5a80000,0x00000000d5b5e970,0x00000000d5b80000)
  to   space 1024K, 0% used [0x00000000d5980000,0x00000000d5980000,0x00000000d5a80000)
 ParOldGen       total 282112K, used 281829K [0x0000000080000000, 0x0000000091380000, 0x00000000d5580000)
  object space 282112K, 99% used [0x0000000080000000,0x00000000913395b8,0x0000000091380000)
 Metaspace       used 56116K, committed 57472K, reserved 1114112K
  class space    used 6448K, committed 7040K, reserved 1048576K
}
Event: 17.505 GC heap before
{Heap before GC invocations=209 (full 2):
 PSYoungGen      total 5120K, used 4986K [0x00000000d5580000, 0x00000000d5b80000, 0x0000000100000000)
  eden space 4096K, 100% used [0x00000000d5580000,0x00000000d5980000,0x00000000d5980000)
  from space 1024K, 86% used [0x00000000d5a80000,0x00000000d5b5e970,0x00000000d5b80000)
  to   space 1024K, 0% used [0x00000000d5980000,0x00000000d5980000,0x00000000d5a80000)
 ParOldGen       total 282112K, used 281829K [0x0000000080000000, 0x0000000091380000, 0x00000000d5580000)
  object space 282112K, 99% used [0x0000000080000000,0x00000000913395b8,0x0000000091380000)
 Metaspace       used 56134K, committed 57472K, reserved 1114112K
  class space    used 6453K, committed 7040K, reserved 1048576K
}
Event: 17.507 GC heap after
{Heap after GC invocations=209 (full 2):
 PSYoungGen      total 5120K, used 918K [0x00000000d5580000, 0x00000000d5b80000, 0x0000000100000000)
  eden space 4096K, 0% used [0x00000000d5580000,0x00000000d5580000,0x00000000d5980000)
  from space 1024K, 89% used [0x00000000d5980000,0x00000000d5a65bd0,0x00000000d5a80000)
  to   space 1024K, 0% used [0x00000000d5a80000,0x00000000d5a80000,0x00000000d5b80000)
 ParOldGen       total 282624K, used 282551K [0x0000000080000000, 0x0000000091400000, 0x00000000d5580000)
  object space 282624K, 99% used [0x0000000080000000,0x00000000913edd50,0x0000000091400000)
 Metaspace       used 56134K, committed 57472K, reserved 1114112K
  class space    used 6453K, committed 7040K, reserved 1048576K
}

Dll operation events (13 events):
Event: 0.022 Loaded shared library c:\Users\HP\.vscode\extensions\redhat.java-1.49.0-win32-x64\jre\21.0.9-win32-x86_64\bin\java.dll
Event: 0.143 Loaded shared library c:\Users\HP\.vscode\extensions\redhat.java-1.49.0-win32-x64\jre\21.0.9-win32-x86_64\bin\zip.dll
Event: 0.180 Loaded shared library C:\Users\HP\.vscode\extensions\redhat.java-1.49.0-win32-x64\jre\21.0.9-win32-x86_64\bin\instrument.dll
Event: 0.188 Loaded shared library C:\Users\HP\.vscode\extensions\redhat.java-1.49.0-win32-x64\jre\21.0.9-win32-x86_64\bin\net.dll
Event: 0.193 Loaded shared library C:\Users\HP\.vscode\extensions\redhat.java-1.49.0-win32-x64\jre\21.0.9-win32-x86_64\bin\nio.dll
Event: 0.200 Loaded shared library C:\Users\HP\.vscode\extensions\redhat.java-1.49.0-win32-x64\jre\21.0.9-win32-x86_64\bin\zip.dll
Event: 0.233 Loaded shared library C:\Users\HP\.vscode\extensions\redhat.java-1.49.0-win32-x64\jre\21.0.9-win32-x86_64\bin\jimage.dll
Event: 0.371 Loaded shared library c:\Users\HP\.vscode\extensions\redhat.java-1.49.0-win32-x64\jre\21.0.9-win32-x86_64\bin\verify.dll
Event: 2.286 Loaded shared library C:\Users\HP\AppData\Roaming\Code\User\globalStorage\redhat.java\1.49.0\config_win\org.eclipse.equinox.launcher\org.eclipse.equinox.launcher.win32.win32.x86_64_1.2.1400.v20250801-0854\eclipse_11916.dll
Event: 4.220 Loaded shared library C:\Users\HP\AppData\Local\Temp\jna-2312\jna2523124144448348366.dll
Event: 13.369 Loaded shared library C:\Users\HP\.gradle\native\1def1411415f61bf3af743bc5b6707747c0891f09f0c88961ee8f79bc544acac\windows-amd64\native-platform.dll
Event: 15.960 Loaded shared library C:\Users\HP\.vscode\extensions\redhat.java-1.49.0-win32-x64\jre\21.0.9-win32-x86_64\bin\management.dll
Event: 15.963 Loaded shared library C:\Users\HP\.vscode\extensions\redhat.java-1.49.0-win32-x64\jre\21.0.9-win32-x86_64\bin\management_ext.dll

Deoptimization events (20 events):
Event: 17.497 Thread 0x000001d5ea2e7ce0 Uncommon trap: trap_request=0xffffffc6 fr.pc=0x000001d5d5d2cd50 relative=0x00000000000037b0
Event: 17.497 Thread 0x000001d5ea2e7ce0 Uncommon trap: reason=bimorphic_or_optimized_type_check action=maybe_recompile pc=0x000001d5d5d2cd50 method=org.eclipse.core.internal.watson.ElementTreeIterator.doIteration(Lorg/eclipse/core/internal/dtree/DataTreeNode;Lorg/eclipse/core/internal/watson/IE
Event: 17.497 Thread 0x000001d5ea2e7ce0 DEOPT PACKING pc=0x000001d5d5d2cd50 sp=0x00000035140fead0
Event: 17.497 Thread 0x000001d5ea2e7ce0 DEOPT UNPACKING pc=0x000001d5d4fa3aa2 sp=0x00000035140feaf0 mode 2
Event: 17.497 Thread 0x000001d5ea2e7ce0 Uncommon trap: trap_request=0xffffffc6 fr.pc=0x000001d5d5d2cd50 relative=0x00000000000037b0
Event: 17.497 Thread 0x000001d5ea2e7ce0 Uncommon trap: reason=bimorphic_or_optimized_type_check action=maybe_recompile pc=0x000001d5d5d2cd50 method=org.eclipse.core.internal.watson.ElementTreeIterator.doIteration(Lorg/eclipse/core/internal/dtree/DataTreeNode;Lorg/eclipse/core/internal/watson/IE
Event: 17.497 Thread 0x000001d5ea2e7ce0 DEOPT PACKING pc=0x000001d5d5d2cd50 sp=0x00000035140fea40
Event: 17.497 Thread 0x000001d5ea2e7ce0 DEOPT UNPACKING pc=0x000001d5d4fa3aa2 sp=0x00000035140fea60 mode 2
Event: 17.512 Thread 0x000001d5ea2e7650 Uncommon trap: trap_request=0xffffff45 fr.pc=0x000001d5d5d42bac relative=0x0000000000000eec
Event: 17.512 Thread 0x000001d5ea2e7650 Uncommon trap: reason=unstable_if action=reinterpret pc=0x000001d5d5d42bac method=org.eclipse.jdt.internal.compiler.classfmt.AnnotationInfo.scanAnnotation(IZZ)I @ 209 c2
Event: 17.512 Thread 0x000001d5ea2e7650 DEOPT PACKING pc=0x000001d5d5d42bac sp=0x0000003513bfed70
Event: 17.512 Thread 0x000001d5ea2e7650 DEOPT UNPACKING pc=0x000001d5d4fa3aa2 sp=0x0000003513bfed08 mode 2
Event: 17.516 Thread 0x000001d5e9ff5cd0 Uncommon trap: trap_request=0xffffff45 fr.pc=0x000001d5d594d2b4 relative=0x0000000000001ab4
Event: 17.516 Thread 0x000001d5e9ff5cd0 Uncommon trap: reason=unstable_if action=reinterpret pc=0x000001d5d594d2b4 method=sun.nio.cs.StreamDecoder.implRead([CII)I @ 36 c2
Event: 17.516 Thread 0x000001d5e9ff5cd0 DEOPT PACKING pc=0x000001d5d594d2b4 sp=0x00000035157fe820
Event: 17.516 Thread 0x000001d5e9ff5cd0 DEOPT UNPACKING pc=0x000001d5d4fa3aa2 sp=0x00000035157fe650 mode 2
Event: 17.518 Thread 0x000001d5e9ff5cd0 Uncommon trap: trap_request=0xffffff76 fr.pc=0x000001d5d5c971d8 relative=0x00000000000001b8
Event: 17.518 Thread 0x000001d5e9ff5cd0 Uncommon trap: reason=predicate action=maybe_recompile pc=0x000001d5d5c971d8 method=java.util.LinkedHashMap.keysToArray([Ljava/lang/Object;Z)[Ljava/lang/Object; @ 53 c2
Event: 17.518 Thread 0x000001d5e9ff5cd0 DEOPT PACKING pc=0x000001d5d5c971d8 sp=0x00000035157fe940
Event: 17.518 Thread 0x000001d5e9ff5cd0 DEOPT UNPACKING pc=0x000001d5d4fa3aa2 sp=0x00000035157fe8d0 mode 2

Classes loaded (20 events):
Event: 15.968 Loading class java/lang/management/DefaultPlatformMBeanProvider$9
Event: 15.969 Loading class java/lang/management/DefaultPlatformMBeanProvider$9 done
Event: 15.969 Loading class java/lang/management/DefaultPlatformMBeanProvider$10
Event: 15.969 Loading class java/lang/management/DefaultPlatformMBeanProvider$10 done
Event: 15.969 Loading class java/lang/management/DefaultPlatformMBeanProvider$11
Event: 15.969 Loading class java/lang/management/DefaultPlatformMBeanProvider$11 done
Event: 15.969 Loading class jdk/management/jfr/FlightRecorderMXBean
Event: 15.969 Loading class jdk/management/jfr/FlightRecorderMXBean done
Event: 15.969 Loading class jdk/management/jfr/internal/FlightRecorderMXBeanProvider$SingleMBeanComponent
Event: 15.969 Loading class jdk/management/jfr/internal/FlightRecorderMXBeanProvider$SingleMBeanComponent done
Event: 15.970 Loading class sun/management/RuntimeImpl
Event: 15.970 Loading class sun/management/RuntimeImpl done
Event: 15.970 Loading class java/util/Collections$2
Event: 15.970 Loading class java/util/Collections$2 done
Event: 15.971 Loading class sun/management/Util
Event: 15.971 Loading class sun/management/Util done
Event: 15.971 Loading class java/lang/management/ManagementPermission
Event: 15.971 Loading class java/lang/management/ManagementPermission done
Event: 16.183 Loading class java/security/DigestInputStream
Event: 16.183 Loading class java/security/DigestInputStream done

Classes unloaded (9 events):
Event: 5.020 Thread 0x000001d5c85e0ea0 Unloading class 0x000001d5811ad400 'java/lang/invoke/LambdaForm$MH+0x000001d5811ad400'
Event: 5.020 Thread 0x000001d5c85e0ea0 Unloading class 0x000001d5811ad000 'java/lang/invoke/LambdaForm$MH+0x000001d5811ad000'
Event: 5.020 Thread 0x000001d5c85e0ea0 Unloading class 0x000001d5811acc00 'java/lang/invoke/LambdaForm$MH+0x000001d5811acc00'
Event: 5.020 Thread 0x000001d5c85e0ea0 Unloading class 0x000001d5811ac800 'java/lang/invoke/LambdaForm$MH+0x000001d5811ac800'
Event: 5.020 Thread 0x000001d5c85e0ea0 Unloading class 0x000001d5811ac400 'java/lang/invoke/LambdaForm$BMH+0x000001d5811ac400'
Event: 5.020 Thread 0x000001d5c85e0ea0 Unloading class 0x000001d5811ac000 'java/lang/invoke/LambdaForm$DMH+0x000001d5811ac000'
Event: 5.020 Thread 0x000001d5c85e0ea0 Unloading class 0x000001d5811aac00 'java/lang/invoke/LambdaForm$DMH+0x000001d5811aac00'
Event: 6.901 Thread 0x000001d5c85e0ea0 Unloading class 0x000001d581330c00 'java/lang/invoke/LambdaForm$MH+0x000001d581330c00'
Event: 6.901 Thread 0x000001d5c85e0ea0 Unloading class 0x000001d581330400 'java/lang/invoke/LambdaForm$MH+0x000001d581330400'

Classes redefined (0 events):
No events

Internal exceptions (20 events):
Event: 16.896 Thread 0x000001d5ea2e7ce0 Exception <a 'sun/nio/fs/WindowsException'{0x00000000d55c4f48}> (0x00000000d55c4f48) 
thrown [s\src\hotspot\share\prims\jni.cpp, line 520]
Event: 16.898 Thread 0x000001d5ea2e7ce0 Exception <a 'sun/nio/fs/WindowsException'{0x00000000d5671878}> (0x00000000d5671878) 
thrown [s\src\hotspot\share\prims\jni.cpp, line 520]
Event: 16.899 Thread 0x000001d5ea2e7ce0 Exception <a 'sun/nio/fs/WindowsException'{0x00000000d56ef258}> (0x00000000d56ef258) 
thrown [s\src\hotspot\share\prims\jni.cpp, line 520]
Event: 16.900 Thread 0x000001d5ea2e7ce0 Exception <a 'sun/nio/fs/WindowsException'{0x00000000d5786dc0}> (0x00000000d5786dc0) 
thrown [s\src\hotspot\share\prims\jni.cpp, line 520]
Event: 16.901 Thread 0x000001d5ea2e7ce0 Exception <a 'sun/nio/fs/WindowsException'{0x00000000d581cfa0}> (0x00000000d581cfa0) 
thrown [s\src\hotspot\share\prims\jni.cpp, line 520]
Event: 16.903 Thread 0x000001d5ea2e7ce0 Exception <a 'sun/nio/fs/WindowsException'{0x00000000d58d4cc8}> (0x00000000d58d4cc8) 
thrown [s\src\hotspot\share\prims\jni.cpp, line 520]
Event: 16.904 Thread 0x000001d5ea2e7ce0 Exception <a 'sun/nio/fs/WindowsException'{0x00000000d5963560}> (0x00000000d5963560) 
thrown [s\src\hotspot\share\prims\jni.cpp, line 520]
Event: 16.909 Thread 0x000001d5ea2e7ce0 Exception <a 'sun/nio/fs/WindowsException'{0x00000000d55f73d8}> (0x00000000d55f73d8) 
thrown [s\src\hotspot\share\prims\jni.cpp, line 520]
Event: 16.910 Thread 0x000001d5ea2e7ce0 Exception <a 'sun/nio/fs/WindowsException'{0x00000000d5694620}> (0x00000000d5694620) 
thrown [s\src\hotspot\share\prims\jni.cpp, line 520]
Event: 16.911 Thread 0x000001d5ea2e7ce0 Exception <a 'sun/nio/fs/WindowsException'{0x00000000d5751538}> (0x00000000d5751538) 
thrown [s\src\hotspot\share\prims\jni.cpp, line 520]
Event: 16.911 Thread 0x000001d5ea2e7ce0 Exception <a 'sun/nio/fs/WindowsException'{0x00000000d57a8da8}> (0x00000000d57a8da8) 
thrown [s\src\hotspot\share\prims\jni.cpp, line 520]
Event: 17.483 Thread 0x000001d5ea2e7ce0 Exception <a 'sun/nio/fs/WindowsException'{0x00000000d5649e08}> (0x00000000d5649e08) 
thrown [s\src\hotspot\share\prims\jni.cpp, line 520]
Event: 17.484 Thread 0x000001d5ea2e7ce0 Exception <a 'sun/nio/fs/WindowsException'{0x00000000d56ec650}> (0x00000000d56ec650) 
thrown [s\src\hotspot\share\prims\jni.cpp, line 520]
Event: 17.485 Thread 0x000001d5ea2e7ce0 Exception <a 'sun/nio/fs/WindowsException'{0x00000000d5757658}> (0x00000000d5757658) 
thrown [s\src\hotspot\share\prims\jni.cpp, line 520]
Event: 17.486 Thread 0x000001d5ea2e7ce0 Exception <a 'sun/nio/fs/WindowsException'{0x00000000d57e1390}> (0x00000000d57e1390) 
thrown [s\src\hotspot\share\prims\jni.cpp, line 520]
Event: 17.488 Thread 0x000001d5ea2e7ce0 Exception <a 'sun/nio/fs/WindowsException'{0x00000000d5864340}> (0x00000000d5864340) 
thrown [s\src\hotspot\share\prims\jni.cpp, line 520]
Event: 17.489 Thread 0x000001d5ea2e7ce0 Exception <a 'sun/nio/fs/WindowsException'{0x00000000d590c4a0}> (0x00000000d590c4a0) 
thrown [s\src\hotspot\share\prims\jni.cpp, line 520]
Event: 17.490 Thread 0x000001d5ea2e7ce0 Exception <a 'sun/nio/fs/WindowsException'{0x00000000d5979100}> (0x00000000d5979100) 
thrown [s\src\hotspot\share\prims\jni.cpp, line 520]
Event: 17.493 Thread 0x000001d5ea2e7ce0 Exception <a 'sun/nio/fs/WindowsException'{0x00000000d55fd7e0}> (0x00000000d55fd7e0) 
thrown [s\src\hotspot\share\prims\jni.cpp, line 520]
Event: 17.494 Thread 0x000001d5ea2e7ce0 Exception <a 'sun/nio/fs/WindowsException'{0x00000000d567a100}> (0x00000000d567a100) 
thrown [s\src\hotspot\share\prims\jni.cpp, line 520]

ZGC Phase Switch (0 events):
No events

VM Operations (20 events):
Event: 17.414 Executing VM operation: ParallelGCFailedAllocation (Allocation Failure)
Event: 17.416 Executing VM operation: ParallelGCFailedAllocation (Allocation Failure) done
Event: 17.423 Executing VM operation: ParallelGCFailedAllocation (Allocation Failure)
Event: 17.425 Executing VM operation: ParallelGCFailedAllocation (Allocation Failure) done
Event: 17.433 Executing VM operation: ParallelGCFailedAllocation (Allocation Failure)
Event: 17.434 Executing VM operation: ParallelGCFailedAllocation (Allocation Failure) done
Event: 17.441 Executing VM operation: ParallelGCFailedAllocation (Allocation Failure)
Event: 17.443 Executing VM operation: ParallelGCFailedAllocation (Allocation Failure) done
Event: 17.450 Executing VM operation: ParallelGCFailedAllocation (Allocation Failure)
Event: 17.451 Executing VM operation: ParallelGCFailedAllocation (Allocation Failure) done
Event: 17.459 Executing VM operation: ParallelGCFailedAllocation (Allocation Failure)
Event: 17.461 Executing VM operation: ParallelGCFailedAllocation (Allocation Failure) done
Event: 17.469 Executing VM operation: ParallelGCFailedAllocation (Allocation Failure)
Event: 17.471 Executing VM operation: ParallelGCFailedAllocation (Allocation Failure) done
Event: 17.480 Executing VM operation: ParallelGCFailedAllocation (Allocation Failure)
Event: 17.482 Executing VM operation: ParallelGCFailedAllocation (Allocation Failure) done
Event: 17.490 Executing VM operation: ParallelGCFailedAllocation (Allocation Failure)
Event: 17.491 Executing VM operation: ParallelGCFailedAllocation (Allocation Failure) done
Event: 17.505 Executing VM operation: ParallelGCFailedAllocation (Allocation Failure)
Event: 17.507 Executing VM operation: ParallelGCFailedAllocation (Allocation Failure) done

Memory protections (0 events):
No events

Nmethod flushes (20 events):
Event: 6.925 Thread 0x000001d5c85e0ea0 flushing  nmethod 0x000001d5ce1e0310
Event: 6.925 Thread 0x000001d5c85e0ea0 flushing  nmethod 0x000001d5ce1e0f10
Event: 6.925 Thread 0x000001d5c85e0ea0 flushing  nmethod 0x000001d5ce230d10
Event: 6.925 Thread 0x000001d5c85e0ea0 flushing  nmethod 0x000001d5ce231110
Event: 6.925 Thread 0x000001d5c85e0ea0 flushing  nmethod 0x000001d5ce231a10
Event: 6.925 Thread 0x000001d5c85e0ea0 flushing  nmethod 0x000001d5ce232c10
Event: 6.925 Thread 0x000001d5c85e0ea0 flushing  nmethod 0x000001d5ce233990
Event: 6.925 Thread 0x000001d5c85e0ea0 flushing  nmethod 0x000001d5ce234a90
Event: 6.925 Thread 0x000001d5c85e0ea0 flushing  nmethod 0x000001d5ce235b90
Event: 6.925 Thread 0x000001d5c85e0ea0 flushing  nmethod 0x000001d5ce236490
Event: 6.925 Thread 0x000001d5c85e0ea0 flushing  nmethod 0x000001d5ce237890
Event: 6.925 Thread 0x000001d5c85e0ea0 flushing  nmethod 0x000001d5ce238d10
Event: 6.925 Thread 0x000001d5c85e0ea0 flushing  nmethod 0x000001d5ce23b190
Event: 6.925 Thread 0x000001d5c85e0ea0 flushing  nmethod 0x000001d5ce280290
Event: 6.925 Thread 0x000001d5c85e0ea0 flushing  nmethod 0x000001d5ce286990
Event: 6.925 Thread 0x000001d5c85e0ea0 flushing  nmethod 0x000001d5ce2a6510
Event: 6.925 Thread 0x000001d5c85e0ea0 flushing  nmethod 0x000001d5ce2b2410
Event: 6.925 Thread 0x000001d5c85e0ea0 flushing osr nmethod 0x000001d5ce32a190
Event: 6.925 Thread 0x000001d5c85e0ea0 flushing  nmethod 0x000001d5ce345910
Event: 6.925 Thread 0x000001d5c85e0ea0 flushing  nmethod 0x000001d5ce346d90

Events (20 events):
Event: 7.925 Thread 0x000001d5ca8fe220 Thread added: 0x000001d5e9ff5cd0
Event: 10.770 Thread 0x000001d5e47f0e50 Thread exited: 0x000001d5e47f0e50
Event: 10.934 Thread 0x000001d5ebc54b40 Thread exited: 0x000001d5ebc54b40
Event: 10.991 Thread 0x000001d5ea27b4e0 Thread exited: 0x000001d5ea27b4e0
Event: 11.442 Thread 0x000001d5e298a7b0 Thread added: 0x000001d5ebcb0b20
Event: 11.485 Thread 0x000001d5e44236f0 Thread added: 0x000001d5ebbca090
Event: 11.511 Thread 0x000001d5e2c5ca90 Thread added: 0x000001d5ea27b4e0
Event: 12.103 Thread 0x000001d5ea2e7ce0 Thread added: 0x000001d5e428ef40
Event: 12.479 Thread 0x000001d5ea2e7ce0 Thread added: 0x000001d5e4292a50
Event: 14.635 Thread 0x000001d5ea27b4e0 Thread exited: 0x000001d5ea27b4e0
Event: 16.024 Thread 0x000001d5ebbca090 Thread exited: 0x000001d5ebbca090
Event: 16.034 Thread 0x000001d5ebcb0b20 Thread exited: 0x000001d5ebcb0b20
Event: 16.118 Thread 0x000001d5e4292a50 Thread exited: 0x000001d5e4292a50
Event: 16.157 Thread 0x000001d5e298c630 Thread added: 0x000001d5eaea7330
Event: 16.482 Thread 0x000001d5eaea7330 Thread exited: 0x000001d5eaea7330
Event: 17.177 Thread 0x000001d5e2c5ca90 Thread exited: 0x000001d5e2c5ca90
Event: 17.378 Thread 0x000001d5e44236f0 Thread exited: 0x000001d5e44236f0
Event: 17.378 Thread 0x000001d5e2abe320 Thread exited: 0x000001d5e2abe320
Event: 17.378 Thread 0x000001d5e2be3360 Thread exited: 0x000001d5e2be3360
Event: 17.518 Thread 0x000001d5e298c630 Thread added: 0x000001d5eaea9c10


Dynamic libraries:
0x00007ff681e20000 - 0x00007ff681e2e000 	c:\Users\HP\.vscode\extensions\redhat.java-1.49.0-win32-x64\jre\21.0.9-win32-x86_64\bin\java.exe
0x00007ff8cf6a0000 - 0x00007ff8cf908000 	C:\WINDOWS\SYSTEM32\ntdll.dll
0x00007ff8cd490000 - 0x00007ff8cd559000 	C:\WINDOWS\System32\KERNEL32.DLL
0x00007ff8cc7f0000 - 0x00007ff8ccbe8000 	C:\WINDOWS\System32\KERNELBASE.dll
0x00007ff8cd020000 - 0x00007ff8cd16b000 	C:\WINDOWS\System32\ucrtbase.dll
0x00007ff8aaf30000 - 0x00007ff8aaf48000 	c:\Users\HP\.vscode\extensions\redhat.java-1.49.0-win32-x64\jre\21.0.9-win32-x86_64\bin\jli.dll
0x00007ff8aa940000 - 0x00007ff8aa95e000 	c:\Users\HP\.vscode\extensions\redhat.java-1.49.0-win32-x64\jre\21.0.9-win32-x86_64\bin\VCRUNTIME140.dll
0x00007ff8cdd80000 - 0x00007ff8cdf47000 	C:\WINDOWS\System32\USER32.dll
0x00007ff8cd350000 - 0x00007ff8cd377000 	C:\WINDOWS\System32\win32u.dll
0x00007ff8acbc0000 - 0x00007ff8ace54000 	C:\WINDOWS\WinSxS\amd64_microsoft.windows.common-controls_6595b64144ccf1df_6.0.26100.7019_none_3e06ffa0e335b8a8\COMCTL32.dll
0x00007ff8cd560000 - 0x00007ff8cd58b000 	C:\WINDOWS\System32\GDI32.dll
0x00007ff8cef10000 - 0x00007ff8cefb9000 	C:\WINDOWS\System32\msvcrt.dll
0x00007ff8cd220000 - 0x00007ff8cd34c000 	C:\WINDOWS\System32\gdi32full.dll
0x00007ff8ccf70000 - 0x00007ff8cd013000 	C:\WINDOWS\System32\msvcp_win.dll
0x00007ff8cefd0000 - 0x00007ff8cf001000 	C:\WINDOWS\System32\IMM32.DLL
0x00007ff8c6f80000 - 0x00007ff8c6f8c000 	c:\Users\HP\.vscode\extensions\redhat.java-1.49.0-win32-x64\jre\21.0.9-win32-x86_64\bin\vcruntime140_1.dll
0x00007ff871e50000 - 0x00007ff871edd000 	c:\Users\HP\.vscode\extensions\redhat.java-1.49.0-win32-x64\jre\21.0.9-win32-x86_64\bin\msvcp140.dll
0x00007ff8403f0000 - 0x00007ff841190000 	c:\Users\HP\.vscode\extensions\redhat.java-1.49.0-win32-x64\jre\21.0.9-win32-x86_64\bin\server\jvm.dll
0x00007ff8cf180000 - 0x00007ff8cf234000 	C:\WINDOWS\System32\ADVAPI32.dll
0x00007ff8cdfb0000 - 0x00007ff8ce056000 	C:\WINDOWS\System32\sechost.dll
0x00007ff8cd590000 - 0x00007ff8cd6a8000 	C:\WINDOWS\System32\RPCRT4.dll
0x00007ff8cf550000 - 0x00007ff8cf5c4000 	C:\WINDOWS\System32\WS2_32.dll
0x00007ff8bd6a0000 - 0x00007ff8bd6ab000 	C:\WINDOWS\SYSTEM32\VERSION.dll
0x00007ff8cc670000 - 0x00007ff8cc6ce000 	C:\WINDOWS\SYSTEM32\POWRPROF.dll
0x00007ff8c9070000 - 0x00007ff8c90a5000 	C:\WINDOWS\SYSTEM32\WINMM.dll
0x00007ff8cc650000 - 0x00007ff8cc664000 	C:\WINDOWS\SYSTEM32\UMPDC.dll
0x00007ff8cb5b0000 - 0x00007ff8cb5cb000 	C:\WINDOWS\SYSTEM32\kernel.appcore.dll
0x00007ff8c6e00000 - 0x00007ff8c6e0a000 	c:\Users\HP\.vscode\extensions\redhat.java-1.49.0-win32-x64\jre\21.0.9-win32-x86_64\bin\jimage.dll
0x00007ff8c9fc0000 - 0x00007ff8ca202000 	C:\WINDOWS\SYSTEM32\DBGHELP.DLL
0x00007ff8ce7c0000 - 0x00007ff8ceb4b000 	C:\WINDOWS\System32\combase.dll
0x00007ff8cec50000 - 0x00007ff8ced27000 	C:\WINDOWS\System32\OLEAUT32.dll
0x00007ff8a7e80000 - 0x00007ff8a7ebc000 	C:\WINDOWS\SYSTEM32\dbgcore.DLL
0x00007ff8cd170000 - 0x00007ff8cd215000 	C:\WINDOWS\System32\bcryptPrimitives.dll
0x00007ff8b3ad0000 - 0x00007ff8b3adf000 	c:\Users\HP\.vscode\extensions\redhat.java-1.49.0-win32-x64\jre\21.0.9-win32-x86_64\bin\instrument.dll
0x00007ff8ab260000 - 0x00007ff8ab280000 	c:\Users\HP\.vscode\extensions\redhat.java-1.49.0-win32-x64\jre\21.0.9-win32-x86_64\bin\java.dll
0x00007ff8ce060000 - 0x00007ff8ce7af000 	C:\WINDOWS\System32\SHELL32.dll
0x00007ff8ccbf0000 - 0x00007ff8ccd5b000 	C:\WINDOWS\System32\wintypes.dll
0x00007ff8ca410000 - 0x00007ff8cac6d000 	C:\WINDOWS\SYSTEM32\windows.storage.dll
0x00007ff8cf440000 - 0x00007ff8cf532000 	C:\WINDOWS\System32\SHCORE.dll
0x00007ff8ceb50000 - 0x00007ff8cebb7000 	C:\WINDOWS\System32\shlwapi.dll
0x00007ff8cc710000 - 0x00007ff8cc739000 	C:\WINDOWS\SYSTEM32\profapi.dll
0x00007ff8aa250000 - 0x00007ff8aa268000 	c:\Users\HP\.vscode\extensions\redhat.java-1.49.0-win32-x64\jre\21.0.9-win32-x86_64\bin\zip.dll
0x00007ff8b6ec0000 - 0x00007ff8b6ed0000 	C:\Users\HP\.vscode\extensions\redhat.java-1.49.0-win32-x64\jre\21.0.9-win32-x86_64\bin\net.dll
0x00007ff8c53a0000 - 0x00007ff8c54c8000 	C:\WINDOWS\SYSTEM32\WINHTTP.dll
0x00007ff8cbb20000 - 0x00007ff8cbb8b000 	C:\WINDOWS\system32\mswsock.dll
0x00007ff8aa0d0000 - 0x00007ff8aa0e6000 	C:\Users\HP\.vscode\extensions\redhat.java-1.49.0-win32-x64\jre\21.0.9-win32-x86_64\bin\nio.dll
0x00007ff8b2010000 - 0x00007ff8b2020000 	c:\Users\HP\.vscode\extensions\redhat.java-1.49.0-win32-x64\jre\21.0.9-win32-x86_64\bin\verify.dll
0x00007ff87d6b0000 - 0x00007ff87d6f4000 	C:\Users\HP\AppData\Roaming\Code\User\globalStorage\redhat.java\1.49.0\config_win\org.eclipse.equinox.launcher\org.eclipse.equinox.launcher.win32.win32.x86_64_1.2.1400.v20250801-0854\eclipse_11916.dll
0x00007ff8cf240000 - 0x00007ff8cf3d7000 	C:\WINDOWS\System32\ole32.dll
0x00007ff8cbde0000 - 0x00007ff8cbdfb000 	C:\WINDOWS\SYSTEM32\CRYPTSP.dll
0x00007ff8cb510000 - 0x00007ff8cb54a000 	C:\WINDOWS\system32\rsaenh.dll
0x00007ff8cbbd0000 - 0x00007ff8cbbfb000 	C:\WINDOWS\SYSTEM32\USERENV.dll
0x00007ff8cc6e0000 - 0x00007ff8cc70a000 	C:\WINDOWS\SYSTEM32\bcrypt.dll
0x00007ff8cbe00000 - 0x00007ff8cbe0c000 	C:\WINDOWS\SYSTEM32\CRYPTBASE.dll
0x00007ff8cb0f0000 - 0x00007ff8cb124000 	C:\WINDOWS\SYSTEM32\IPHLPAPI.DLL
0x00007ff8cefc0000 - 0x00007ff8cefca000 	C:\WINDOWS\System32\NSI.dll
0x00007ff8b22f0000 - 0x00007ff8b2339000 	C:\Users\HP\AppData\Local\Temp\jna-2312\jna2523124144448348366.dll
0x00007ff8cdfa0000 - 0x00007ff8cdfa8000 	C:\WINDOWS\System32\PSAPI.DLL
0x00007ff8c6740000 - 0x00007ff8c675e000 	C:\WINDOWS\SYSTEM32\dhcpcsvc6.DLL
0x00007ff8c6710000 - 0x00007ff8c6733000 	C:\WINDOWS\SYSTEM32\dhcpcsvc.DLL
0x00007ff8aa780000 - 0x00007ff8aa7a7000 	C:\Users\HP\.gradle\native\1def1411415f61bf3af743bc5b6707747c0891f09f0c88961ee8f79bc544acac\windows-amd64\native-platform.dll
0x00007ff8b1fa0000 - 0x00007ff8b1faa000 	C:\Users\HP\.vscode\extensions\redhat.java-1.49.0-win32-x64\jre\21.0.9-win32-x86_64\bin\management.dll
0x00007ff8b1990000 - 0x00007ff8b199c000 	C:\Users\HP\.vscode\extensions\redhat.java-1.49.0-win32-x64\jre\21.0.9-win32-x86_64\bin\management_ext.dll

JVMTI agents:
c:\Users\HP\.vscode\extensions\redhat.java-1.49.0-win32-x64\lombok\lombok-1.18.39-4050.jar path:c:\Users\HP\.vscode\extensions\redhat.java-1.49.0-win32-x64\jre\21.0.9-win32-x86_64\bin\instrument.dll, loaded, initialized, instrumentlib options:none

dbghelp: loaded successfully - version: 4.0.5 - missing functions: none
symbol engine: initialized successfully - sym options: 0x614 - pdb path: .;c:\Users\HP\.vscode\extensions\redhat.java-1.49.0-win32-x64\jre\21.0.9-win32-x86_64\bin;C:\WINDOWS\SYSTEM32;C:\WINDOWS\WinSxS\amd64_microsoft.windows.common-controls_6595b64144ccf1df_6.0.26100.7019_none_3e06ffa0e335b8a8;c:\Users\HP\.vscode\extensions\redhat.java-1.49.0-win32-x64\jre\21.0.9-win32-x86_64\bin\server;C:\Users\HP\AppData\Roaming\Code\User\globalStorage\redhat.java\1.49.0\config_win\org.eclipse.equinox.launcher\org.eclipse.equinox.launcher.win32.win32.x86_64_1.2.1400.v20250801-0854;C:\Users\HP\AppData\Local\Temp\jna-2312;C:\Users\HP\.gradle\native\1def1411415f61bf3af743bc5b6707747c0891f09f0c88961ee8f79bc544acac\windows-amd64

VM Arguments:
jvm_args: --add-modules=ALL-SYSTEM --add-opens=java.base/java.util=ALL-UNNAMED --add-opens=java.base/java.lang=ALL-UNNAMED --add-opens=java.base/sun.nio.fs=ALL-UNNAMED -Declipse.application=org.eclipse.jdt.ls.core.id1 -Dosgi.bundles.defaultStartLevel=4 -Declipse.product=org.eclipse.jdt.ls.core.product -Djava.import.generatesMetadataFilesAtProjectRoot=false -DDetectVMInstallationsJob.disabled=true -Dfile.encoding=utf8 -XX:+UseParallelGC -XX:GCTimeRatio=4 -XX:AdaptiveSizePolicyWeight=90 -Dsun.zip.disableMemoryMapping=true -Xmx2G -Xms100m -Xlog:disable -javaagent:c:\Users\HP\.vscode\extensions\redhat.java-1.49.0-win32-x64\lombok\lombok-1.18.39-4050.jar -XX:+HeapDumpOnOutOfMemoryError -XX:HeapDumpPath=c:\Users\HP\AppData\Roaming\Code\User\workspaceStorage\ea2a194707e69baabb8bb110085c2e95\redhat.java -Daether.dependencyCollector.impl=bf 
java_command: c:\Users\HP\.vscode\extensions\redhat.java-1.49.0-win32-x64\server\plugins\org.eclipse.equinox.launcher_1.7.100.v20251111-0406.jar -configuration c:\Users\HP\AppData\Roaming\Code\User\globalStorage\redhat.java\1.49.0\config_win -data c:\Users\HP\AppData\Roaming\Code\User\workspaceStorage\ea2a194707e69baabb8bb110085c2e95\redhat.java\jdt_ws --pipe=\\.\pipe\lsp-91ea9c48e761e44e93a0ed64fe42b4b6-sock
java_class_path (initial): c:\Users\HP\.vscode\extensions\redhat.java-1.49.0-win32-x64\server\plugins\org.eclipse.equinox.launcher_1.7.100.v20251111-0406.jar
Launcher Type: SUN_STANDARD

[Global flags]
    uintx AdaptiveSizePolicyWeight                 = 90                                        {product} {command line}
     intx CICompilerCount                          = 12                                        {product} {ergonomic}
    uintx GCTimeRatio                              = 4                                         {product} {command line}
     bool HeapDumpOnOutOfMemoryError               = true                                   {manageable} {command line}
    ccstr HeapDumpPath                             = c:\Users\HP\AppData\Roaming\Code\User\workspaceStorage\ea2a194707e69baabb8bb110085c2e95\redhat.java         {manageable} {command line}
   size_t InitialHeapSize                          = 104857600                                 {product} {command line}
   size_t MaxHeapSize                              = 2147483648                                {product} {command line}
   size_t MaxNewSize                               = 715653120                                 {product} {ergonomic}
   size_t MinHeapDeltaBytes                        = 524288                                    {product} {ergonomic}
   size_t MinHeapSize                              = 104857600                                 {product} {command line}
   size_t NewSize                                  = 34603008                                  {product} {ergonomic}
    uintx NonNMethodCodeHeapSize                   = 7602480                                {pd product} {ergonomic}
    uintx NonProfiledCodeHeapSize                  = 122027880                              {pd product} {ergonomic}
   size_t OldSize                                  = 70254592                                  {product} {ergonomic}
    uintx ProfiledCodeHeapSize                     = 122027880                              {pd product} {ergonomic}
    uintx ReservedCodeCacheSize                    = 251658240                              {pd product} {ergonomic}
     bool SegmentedCodeCache                       = true                                      {product} {ergonomic}
   size_t SoftMaxHeapSize                          = 2147483648                             {manageable} {ergonomic}
     bool UseCompressedOops                        = true                           {product lp64_product} {ergonomic}
     bool UseLargePagesIndividualAllocation        = false                                  {pd product} {ergonomic}
     bool UseParallelGC                            = true                                      {product} {command line}

Logging:
Log output configuration:
 #0: stdout all=off uptime,level,tags foldmultilines=false
 #1: stderr all=off uptime,level,tags foldmultilines=false

Release file:
JAVA_VERSION="21.0.9" 
MODULES="java.base java.compiler java.datatransfer java.xml java.prefs java.desktop java.instrument java.logging java.management java.security.sasl java.naming java.rmi java.management.rmi java.net.http java.scripting java.security.jgss java.transaction.xa java.sql java.sql.rowset java.xml.crypto java.se java.smartcardio jdk.accessibility jdk.internal.jvmstat jdk.attach jdk.charsets jdk.internal.opt jdk.zipfs jdk.compiler jdk.crypto.ec jdk.crypto.cryptoki jdk.crypto.mscapi jdk.dynalink jdk.internal.ed jdk.editpad jdk.hotspot.agent jdk.httpserver jdk.internal.le jdk.internal.vm.ci jdk.internal.vm.compiler jdk.internal.vm.compiler.management jdk.jartool jdk.javadoc jdk.jcmd jdk.management jdk.management.agent jdk.jconsole jdk.jdeps jdk.jdwp.agent jdk.jdi jdk.jfr jdk.jshell jdk.jsobject jdk.jstatd jdk.localedata jdk.management.jfr jdk.naming.dns jdk.naming.rmi jdk.net jdk.nio.mapmode jdk.random jdk.sctp jdk.security.auth jdk.security.jgss jdk.unsupported jdk.unsupported.desktop jdk.xml.dom" 

Environment Variables:
JAVA_HOME=C:\Program Files\Java\jdk-22
PATH=C:\app\HP\product\21c\dbhomeXE\bin;C:\Program Files\Common Files\Oracle\Java\javapath;C:\WINDOWS\system32;C:\WINDOWS;C:\WINDOWS\System32\Wbem;C:\WINDOWS\System32\WindowsPowerShell\v1.0\;C:\WINDOWS\System32\OpenSSH\;C:\Program Files\Git\cmd;C:\Program Files\Java\jdk-22\bin;C:\Program Files\dotnet\;C:\Program Files (x86)\Windows Kits\10\Windows Performance Toolkit\;C:\Program Files\nodejs\;C:\ProgramData\chocolatey\bin;C:\xampp\php;C:\composer;C:\platform-tools;C:\CooCox\CoIDE_V2Beta\bin;C:\Program Files (x86)\Microsoft SQL Server\160\Tools\Binn\;C:\Program Files\Microsoft SQL Server\160\Tools\Binn\;C:\Program Files\Microsoft SQL Server\Client SDK\ODBC\170\Tools\Binn\;C:\Program Files\Microsoft SQL Server\160\DTS\Binn\;C:\Program Files (x86)\Microsoft SQL Server\160\DTS\Binn\;C:\Program Files\Microsoft SQL Server\150\Tools\Binn\;D:\prak sbd\Modul 4\ngrok-v3-stable-windows-amd64;C:\Program Files\apache-maven-3.9.9\bin;C:\xampp\mysql\bin;C:\Users\HP\AppData\Local\Programs\Python\Python313\Scripts\;C:\Users\HP\AppData\Local\Programs\Python\Python313\;C:\Users\HP\AppData\Local\Programs\Python\Launcher\;C:\Users\HP\AppData\Local\Microsoft\WindowsApps;C:\Users\HP\AppData\Local\Programs\Microsoft VS Code\bin;C:\Users\HP\.dotnet\tools;C:\flutter\src\flutter\bin;C:\Users\HP\AppData\Roaming\npm;C:\Users\HP\AppData\Roaming\Composer\vendor\bin;;C:\Program Files\JetBrains\IntelliJ IDEA 2024.3.2.2\bin;
USERNAME=HP
OS=Windows_NT
PROCESSOR_IDENTIFIER=Intel64 Family 6 Model 154 Stepping 3, GenuineIntel
TMP=C:\Users\HP\AppData\Local\Temp
TEMP=C:\Users\HP\AppData\Local\Temp




Periodic native trim disabled

---------------  S Y S T E M  ---------------

OS:
 Windows 11 , 64 bit Build 26100 (10.0.26100.7019)
OS uptime: 3 days 0:14 hours
Hyper-V role detected

CPU: total 16 (initial active 16) (8 cores per cpu, 2 threads per core) family 6 model 154 stepping 3 microcode 0x42c, cx8, cmov, fxsr, ht, mmx, 3dnowpref, sse, sse2, sse3, ssse3, sse4.1, sse4.2, popcnt, lzcnt, tsc, tscinvbit, avx, avx2, aes, erms, clmul, bmi1, bmi2, adx, sha, fma, vzeroupper, clflush, clflushopt, clwb, hv, serialize, rdtscp, rdpid, fsrm, f16c, cet_ibt, cet_ss
Processor Information for processor 0
  Max Mhz: 2100, Current Mhz: 2100, Mhz Limit: 2100
Processor Information for processor 1
  Max Mhz: 2100, Current Mhz: 2100, Mhz Limit: 2100
Processor Information for processor 2
  Max Mhz: 2100, Current Mhz: 2100, Mhz Limit: 2100
Processor Information for processor 3
  Max Mhz: 2100, Current Mhz: 1453, Mhz Limit: 2100
Processor Information for processor 4
  Max Mhz: 2100, Current Mhz: 2100, Mhz Limit: 2100
Processor Information for processor 5
  Max Mhz: 2100, Current Mhz: 1453, Mhz Limit: 2100
Processor Information for processor 6
  Max Mhz: 2100, Current Mhz: 2100, Mhz Limit: 2100
Processor Information for processor 7
  Max Mhz: 2100, Current Mhz: 2100, Mhz Limit: 2100
Processor Information for processor 8
  Max Mhz: 2100, Current Mhz: 1500, Mhz Limit: 1491
Processor Information for processor 9
  Max Mhz: 2100, Current Mhz: 1500, Mhz Limit: 1491
Processor Information for processor 10
  Max Mhz: 2100, Current Mhz: 1500, Mhz Limit: 1491
Processor Information for processor 11
  Max Mhz: 2100, Current Mhz: 1500, Mhz Limit: 1491
Processor Information for processor 12
  Max Mhz: 2100, Current Mhz: 1500, Mhz Limit: 1491
Processor Information for processor 13
  Max Mhz: 2100, Current Mhz: 1500, Mhz Limit: 1491
Processor Information for processor 14
  Max Mhz: 2100, Current Mhz: 1500, Mhz Limit: 1491
Processor Information for processor 15
  Max Mhz: 2100, Current Mhz: 1500, Mhz Limit: 1491

Memory: 4k page, system-wide physical 16055M (821M free)
TotalPageFile size 26618M (AvailPageFile size 4M)
current process WorkingSet (physical memory assigned to process): 585M, peak: 585M
current process commit charge ("private bytes"): 588M, peak: 589M

vm_info: OpenJDK 64-Bit Server VM (21.0.9+10-LTS) for windows-amd64 JRE (21.0.9+10-LTS), built on 2025-10-21T00:00:00Z by "admin" with unknown MS VC++:1942

END.
